<?xml version="1.0" encoding="UTF-8"?>
<!-- Generated by org.testng.reporters.JUnitReportReporter -->
<testsuite hostname="aissac12" name="com.training.sanity.tests.MediumTest5parallel" tests="2" failures="0" timestamp="25 Jun 2019 10:26:53 GMT" time="69.694" errors="0">
  <testcase name="mediumtc1" time="33.709" classname="com.training.sanity.tests.MediumTest5parallel"/>
  <testcase name="mediumtc1" time="35.985" classname="com.training.sanity.tests.MediumTest5parallel"/>
</testsuite> <!-- com.training.sanity.tests.MediumTest5parallel -->
