<?xml version="1.0" encoding="UTF-8"?>
<!-- Generated by org.testng.reporters.JUnitReportReporter -->
<testsuite hostname="aissac12" name="com.training.sanity.tests.Testcase6Test" tests="1" failures="0" timestamp="17 Jun 2019 05:43:19 GMT" time="16.385" errors="0">
  <testcase name="validLoginTest" time="16.385" classname="com.training.sanity.tests.Testcase6Test"/>
</testsuite> <!-- com.training.sanity.tests.Testcase6Test -->
