<?xml version="1.0" encoding="UTF-8"?>
<!-- Generated by org.testng.reporters.JUnitReportReporter -->
<testsuite hostname="aissac12" name="com.training.sanity.tests.Testcase6Test" tests="1" failures="0" timestamp="18 Jun 2019 07:23:38 GMT" time="22.807" errors="0">
  <testcase name="uniformtc6" time="22.807" classname="com.training.sanity.tests.Testcase6Test"/>
</testsuite> <!-- com.training.sanity.tests.Testcase6Test -->
