<?xml version="1.0" encoding="UTF-8"?>
<!-- Generated by org.testng.reporters.JUnitReportReporter -->
<testsuite skipped="0" hostname="aissac12" name="com.training.sanity.tests.MediumTest2" tests="1" failures="0" timestamp="27 Jun 2019 04:35:00 GMT" time="62.500" errors="0">
  <testcase name="mediumtc2" time="62.500" classname="com.training.sanity.tests.MediumTest2"/>
</testsuite> <!-- com.training.sanity.tests.MediumTest2 -->
