<?xml version="1.0" encoding="UTF-8"?>
<!-- Generated by org.testng.reporters.JUnitReportReporter -->
<testsuite skipped="0" hostname="aissac12" name="com.training.regression.tests.ComplexDBTest1" tests="1" failures="0" timestamp="05 Jul 2019 06:06:13 GMT" time="90.831" errors="0">
  <testcase name="complexDBTest" time="90.831" classname="com.training.regression.tests.ComplexDBTest1"/>
</testsuite> <!-- com.training.regression.tests.ComplexDBTest1 -->
