<?xml version="1.0" encoding="UTF-8"?>
<!-- Generated by org.testng.reporters.JUnitReportReporter -->
<testsuite skipped="0" hostname="aissac12" name="com.training.sanity.tests.ComplexTest2" tests="1" failures="0" timestamp="05 Jul 2019 07:21:56 GMT" time="114.164" errors="0">
  <testcase name="complextc2" time="114.164" classname="com.training.sanity.tests.ComplexTest2"/>
</testsuite> <!-- com.training.sanity.tests.ComplexTest2 -->
