<?xml version="1.0" encoding="UTF-8"?>
<!-- Generated by org.testng.reporters.JUnitReportReporter -->
<testsuite hostname="aissac12" name="com.training.sanity.tests.Testcase4Test" tests="1" failures="0" timestamp="17 Jun 2019 05:37:42 GMT" time="23.195" errors="0">
  <testcase name="uniformtc4" time="23.195" classname="com.training.sanity.tests.Testcase4Test"/>
</testsuite> <!-- com.training.sanity.tests.Testcase4Test -->
