<?xml version="1.0" encoding="UTF-8"?>
<!-- Generated by org.testng.reporters.JUnitReportReporter -->
<testsuite hostname="aissac12" name="com.training.sanity.tests.Testcase1Test" tests="1" failures="0" timestamp="18 Jun 2019 07:30:54 GMT" time="22.905" errors="0">
  <testcase name="uniformtc1" time="22.905" classname="com.training.sanity.tests.Testcase1Test"/>
</testsuite> <!-- com.training.sanity.tests.Testcase1Test -->
