<?xml version="1.0" encoding="UTF-8"?>
<!-- Generated by org.testng.reporters.JUnitReportReporter -->
<testsuite hostname="aissac12" name="com.training.sanity.tests.MediumTest3" tests="1" failures="0" timestamp="21 Jun 2019 13:25:12 GMT" time="31.489" errors="0">
  <testcase name="mediumtc3" time="31.489" classname="com.training.sanity.tests.MediumTest3"/>
</testsuite> <!-- com.training.sanity.tests.MediumTest3 -->
