<?xml version="1.0" encoding="UTF-8"?>
<!-- Generated by org.testng.reporters.JUnitReportReporter -->
<testsuite hostname="aissac12" name="com.training.sanity.tests.Testcase1Test" tests="1" failures="0" timestamp="17 Jun 2019 05:21:23 GMT" time="20.468" errors="0">
  <testcase name="uniformtc1" time="20.468" classname="com.training.sanity.tests.Testcase1Test"/>
</testsuite> <!-- com.training.sanity.tests.Testcase1Test -->
