<?xml version="1.0" encoding="UTF-8"?>
<!-- Generated by org.testng.reporters.JUnitReportReporter -->
<testsuite hostname="aissac12" name="com.training.sanity.tests.Testcase5Test" tests="1" failures="0" timestamp="17 Jun 2019 05:41:00 GMT" time="23.278" errors="0">
  <testcase name="uniformtc5" time="23.278" classname="com.training.sanity.tests.Testcase5Test"/>
</testsuite> <!-- com.training.sanity.tests.Testcase5Test -->
