<?xml version="1.0" encoding="UTF-8"?>
<!-- Generated by org.testng.reporters.JUnitReportReporter -->
<testsuite hostname="aissac12" name="com.training.sanity.tests.Testcase3Test" tests="1" failures="0" timestamp="17 Jun 2019 05:32:07 GMT" time="26.519" errors="0">
  <testcase name="TC3" time="26.519" classname="com.training.sanity.tests.Testcase3Test"/>
</testsuite> <!-- com.training.sanity.tests.Testcase3Test -->
