<?xml version="1.0" encoding="UTF-8"?>
<!-- Generated by org.testng.reporters.JUnitReportReporter -->
<testsuite hostname="aissac12" name="com.training.sanity.tests.MediumTest1" tests="1" failures="0" timestamp="24 Jun 2019 10:10:18 GMT" time="32.722" errors="0">
  <testcase name="mediumtc1" time="32.722" classname="com.training.sanity.tests.MediumTest1"/>
</testsuite> <!-- com.training.sanity.tests.MediumTest1 -->
