<?xml version="1.0" encoding="UTF-8"?>
<!-- Generated by org.testng.reporters.JUnitReportReporter -->
<testsuite skipped="0" hostname="aissac12" name="com.training.sanity.tests.ComplexTest3" tests="1" failures="0" timestamp="02 Jul 2019 14:12:03 GMT" time="45.820" errors="0">
  <testcase name="mediumtc3" time="45.820" classname="com.training.sanity.tests.ComplexTest3"/>
</testsuite> <!-- com.training.sanity.tests.ComplexTest3 -->
