<?xml version="1.0" encoding="UTF-8"?>
<!-- Generated by org.testng.reporters.JUnitReportReporter -->
<testsuite hostname="aissac12" name="com.training.sanity.tests.Testcase2Test" tests="1" failures="0" timestamp="18 Jun 2019 06:43:38 GMT" time="20.815" errors="0">
  <testcase name="uniformtc2" time="20.815" classname="com.training.sanity.tests.Testcase2Test"/>
</testsuite> <!-- com.training.sanity.tests.Testcase2Test -->
