<?xml version="1.0" encoding="UTF-8"?>
<!-- Generated by org.testng.reporters.JUnitReportReporter -->
<testsuite skipped="0" hostname="aissac12" name="com.training.sanity.tests.Complex1Test" tests="1" failures="0" timestamp="27 Jun 2019 08:08:06 GMT" time="56.633" errors="0">
  <testcase name="mediumtc1" time="56.633" classname="com.training.sanity.tests.Complex1Test"/>
</testsuite> <!-- com.training.sanity.tests.Complex1Test -->
