<?xml version="1.0" encoding="UTF-8"?>
<!-- Generated by org.testng.reporters.JUnitReportReporter -->
<testsuite skipped="0" hostname="aissac12" name="com.training.regression.tests.ComplexExcelTest3" tests="2" failures="0" timestamp="02 Jul 2019 14:23:02 GMT" time="54.785" errors="0">
  <testcase name="ExcelTest" time="25.338" classname="com.training.regression.tests.ComplexExcelTest3"/>
  <testcase name="ExcelTest" time="29.447" classname="com.training.regression.tests.ComplexExcelTest3"/>
</testsuite> <!-- com.training.regression.tests.ComplexExcelTest3 -->
