<?xml version="1.0" encoding="UTF-8"?>
<!-- Generated by org.testng.reporters.JUnitReportReporter -->
<testsuite hostname="aissac12" name="com.training.sanity.tests.MediumTest4" tests="1" failures="0" timestamp="21 Jun 2019 13:21:23 GMT" time="27.072" errors="0">
  <testcase name="mediumtc4" time="27.072" classname="com.training.sanity.tests.MediumTest4"/>
</testsuite> <!-- com.training.sanity.tests.MediumTest4 -->
