<?xml version="1.0" encoding="UTF-8"?>
<!-- Generated by org.testng.reporters.JUnitReportReporter -->
<testsuite skipped="0" hostname="aissac12" name="com.training.regression.tests.ComplexExcelTest3" tests="4" failures="0" timestamp="08 Jul 2019 07:25:43 GMT" time="160.713" errors="0">
  <testcase name="ExcelTest" time="40.206" classname="com.training.regression.tests.ComplexExcelTest3"/>
  <testcase name="ExcelTest" time="39.018" classname="com.training.regression.tests.ComplexExcelTest3"/>
  <testcase name="ExcelTest" time="38.457" classname="com.training.regression.tests.ComplexExcelTest3"/>
  <testcase name="ExcelTest" time="43.032" classname="com.training.regression.tests.ComplexExcelTest3"/>
</testsuite> <!-- com.training.regression.tests.ComplexExcelTest3 -->
