<?xml version="1.0" encoding="UTF-8"?>
<!-- Generated by org.testng.reporters.JUnitReportReporter -->
<testsuite hostname="aissac12" name="com.training.sanity.tests.MediumTest3groups" tests="2" failures="0" timestamp="25 Jun 2019 14:18:40 GMT" time="8.916" errors="0">
  <testcase name="mediumtc3a" time="5.945" classname="com.training.sanity.tests.MediumTest3groups"/>
  <testcase name="mediumtc3" time="2.971" classname="com.training.sanity.tests.MediumTest3groups"/>
</testsuite> <!-- com.training.sanity.tests.MediumTest3groups -->
