<?xml version="1.0" encoding="UTF-8"?>
<!-- Generated by org.testng.reporters.JUnitReportReporter -->
<testsuite hostname="aissac12" name="com.training.sanity.tests.MediumTest2" tests="1" failures="0" timestamp="21 Jun 2019 13:27:14 GMT" time="53.254" errors="0">
  <testcase name="mediumtc2" time="53.254" classname="com.training.sanity.tests.MediumTest2"/>
</testsuite> <!-- com.training.sanity.tests.MediumTest2 -->
